[NX Daemon Server] - 2024-06-30T19:48:58.645Z - Started listening on: /tmp/ac8943fb82a6c01756f1/d.sock
[NX Daemon Server] - 2024-06-30T19:48:58.646Z - [WATCHER]: Subscribed to changes within: /home/tilloh/programming/tilloh.dev/frontend (native)
[NX Daemon Server] - 2024-06-30T19:48:58.650Z - Established a connection. Number of open connections: 1
[NX Daemon Server] - 2024-06-30T19:48:58.651Z - Established a connection. Number of open connections: 2
[NX Daemon Server] - 2024-06-30T19:48:58.651Z - Closed a connection. Number of open connections: 1
[NX Daemon Server] - 2024-06-30T19:48:58.655Z - [REQUEST]: Responding to the client. handleGlob
[NX Daemon Server] - 2024-06-30T19:48:58.655Z - Done responding to the client handleGlob
[NX Daemon Server] - 2024-06-30T19:48:58.655Z - Handled GLOB. Handling time: 3. Response time: 0.
[NX Daemon Server] - 2024-06-30T19:48:58.668Z - [REQUEST]: Responding to the client. handleNxWorkspaceFiles
[NX Daemon Server] - 2024-06-30T19:48:58.668Z - Done responding to the client handleNxWorkspaceFiles
[NX Daemon Server] - 2024-06-30T19:48:58.668Z - Handled GET_NX_WORKSPACE_FILES. Handling time: 3. Response time: 0.
[NX Daemon Server] - 2024-06-30T19:48:58.802Z - Closed a connection. Number of open connections: 0
[NX Daemon Server] - 2024-06-30T19:48:58.860Z - [WATCHER]: Processing file changes in outputs
[NX Daemon Server] - 2024-06-30T19:57:22.761Z - Started listening on: /tmp/ac8943fb82a6c01756f1/d.sock
[NX Daemon Server] - 2024-06-30T19:57:22.764Z - [WATCHER]: Subscribed to changes within: /home/tilloh/programming/tilloh.dev/frontend (native)
[NX Daemon Server] - 2024-06-30T19:57:22.770Z - Established a connection. Number of open connections: 1
[NX Daemon Server] - 2024-06-30T19:57:22.771Z - Established a connection. Number of open connections: 2
[NX Daemon Server] - 2024-06-30T19:57:22.772Z - Closed a connection. Number of open connections: 1
[NX Daemon Server] - 2024-06-30T19:57:22.772Z - [REQUEST]: Client Request for Project Graph Received
[NX Daemon Server] - 2024-06-30T19:57:22.782Z - [REQUEST]: Updated workspace context based on watched changes, recomputing project graph...
[NX Daemon Server] - 2024-06-30T19:57:22.782Z - [REQUEST]: 
[NX Daemon Server] - 2024-06-30T19:57:22.782Z - [REQUEST]: 
[NX Daemon Server] - 2024-06-30T19:57:23.018Z - [REQUEST]: Responding to the client. project-graph
[NX Daemon Server] - 2024-06-30T19:57:23.018Z - Time taken for 'total for creating and serializing project graph' 245.45563400000003ms
[NX Daemon Server] - 2024-06-30T19:57:23.019Z - Done responding to the client project-graph
[NX Daemon Server] - 2024-06-30T19:57:23.019Z - Handled REQUEST_PROJECT_GRAPH. Handling time: 246. Response time: 1.
[NX Daemon Server] - 2024-06-30T19:57:23.029Z - [REQUEST]: Responding to the client. handleHashTasks
[NX Daemon Server] - 2024-06-30T19:57:23.029Z - Done responding to the client handleHashTasks
[NX Daemon Server] - 2024-06-30T19:57:23.029Z - Handled HASH_TASKS. Handling time: 6. Response time: 0.
[NX Daemon Server] - 2024-06-30T19:57:23.912Z - [WATCHER]: Processing file changes in outputs
[NX Daemon Server] - 2024-06-30T19:58:25.199Z - Closed a connection. Number of open connections: 0
[NX Daemon Server] - 2024-06-30T19:58:40.634Z - Established a connection. Number of open connections: 1
[NX Daemon Server] - 2024-06-30T19:58:40.636Z - Closed a connection. Number of open connections: 0
[NX Daemon Server] - 2024-06-30T19:58:40.636Z - Established a connection. Number of open connections: 1
[NX Daemon Server] - 2024-06-30T19:58:40.638Z - [REQUEST]: Client Request for Project Graph Received
[NX Daemon Server] - 2024-06-30T19:58:40.639Z - [REQUEST]: Responding to the client. project-graph
[NX Daemon Server] - 2024-06-30T19:58:40.639Z - Time taken for 'total for creating and serializing project graph' 0.2579470000055153ms
[NX Daemon Server] - 2024-06-30T19:58:40.640Z - Done responding to the client project-graph
[NX Daemon Server] - 2024-06-30T19:58:40.640Z - Handled REQUEST_PROJECT_GRAPH. Handling time: 1. Response time: 1.
[NX Daemon Server] - 2024-06-30T19:58:40.656Z - [REQUEST]: Responding to the client. handleHashTasks
[NX Daemon Server] - 2024-06-30T19:58:40.656Z - Done responding to the client handleHashTasks
[NX Daemon Server] - 2024-06-30T19:58:40.656Z - Handled HASH_TASKS. Handling time: 2. Response time: 0.
[NX Daemon Server] - 2024-06-30T19:58:40.667Z - [REQUEST]: Responding to the client. handleHashTasks
[NX Daemon Server] - 2024-06-30T19:58:40.667Z - Done responding to the client handleHashTasks
[NX Daemon Server] - 2024-06-30T19:58:40.667Z - Handled HASH_TASKS. Handling time: 3. Response time: 0.
[NX Daemon Server] - 2024-06-30T19:58:41.639Z - [REQUEST]: Responding to the client. recordOutputsHash
[NX Daemon Server] - 2024-06-30T19:58:41.639Z - Done responding to the client recordOutputsHash
[NX Daemon Server] - 2024-06-30T19:58:41.639Z - Handled RECORD_OUTPUTS_HASH. Handling time: 0. Response time: 0.
[NX Daemon Server] - 2024-06-30T19:58:41.645Z - Closed a connection. Number of open connections: 0
[NX Daemon Server] - 2024-06-30T20:00:05.602Z - [WATCHER]: src/lib/types/cards.ts was modified
[NX Daemon Server] - 2024-06-30T20:00:05.602Z - [WATCHER]: Processing file changes in outputs
[NX Daemon Server] - 2024-06-30T20:00:05.703Z - [REQUEST]: Updated workspace context based on watched changes, recomputing project graph...
[NX Daemon Server] - 2024-06-30T20:00:05.703Z - [REQUEST]: src/lib/types/cards.ts
[NX Daemon Server] - 2024-06-30T20:00:05.703Z - [REQUEST]: 
[NX Daemon Server] - 2024-06-30T20:00:05.725Z - Time taken for 'hash changed files from watcher' 0.18694200000027195ms
[NX Daemon Server] - 2024-06-30T20:00:13.594Z - Established a connection. Number of open connections: 1
[NX Daemon Server] - 2024-06-30T20:00:13.595Z - Closed a connection. Number of open connections: 0
[NX Daemon Server] - 2024-06-30T20:00:13.596Z - Established a connection. Number of open connections: 1
[NX Daemon Server] - 2024-06-30T20:00:13.598Z - [REQUEST]: Client Request for Project Graph Received
[NX Daemon Server] - 2024-06-30T20:00:13.598Z - [REQUEST]: Responding to the client. project-graph
[NX Daemon Server] - 2024-06-30T20:00:13.598Z - Time taken for 'total for creating and serializing project graph' 0.3561329999938607ms
[NX Daemon Server] - 2024-06-30T20:00:13.599Z - Done responding to the client project-graph
[NX Daemon Server] - 2024-06-30T20:00:13.599Z - Handled REQUEST_PROJECT_GRAPH. Handling time: 1. Response time: 1.
[NX Daemon Server] - 2024-06-30T20:00:13.611Z - [REQUEST]: Responding to the client. handleHashTasks
[NX Daemon Server] - 2024-06-30T20:00:13.611Z - Done responding to the client handleHashTasks
[NX Daemon Server] - 2024-06-30T20:00:13.611Z - Handled HASH_TASKS. Handling time: 7. Response time: 0.
[NX Daemon Server] - 2024-06-30T20:00:14.537Z - [WATCHER]: Processing file changes in outputs
[NX Daemon Server] - 2024-06-30T20:00:30.231Z - Closed a connection. Number of open connections: 0
[NX Daemon Server] - 2024-06-30T20:00:31.856Z - Established a connection. Number of open connections: 1
[NX Daemon Server] - 2024-06-30T20:00:31.857Z - Closed a connection. Number of open connections: 0
[NX Daemon Server] - 2024-06-30T20:00:31.857Z - Established a connection. Number of open connections: 1
[NX Daemon Server] - 2024-06-30T20:00:31.858Z - [REQUEST]: Client Request for Project Graph Received
[NX Daemon Server] - 2024-06-30T20:00:31.858Z - [REQUEST]: Responding to the client. project-graph
[NX Daemon Server] - 2024-06-30T20:00:31.858Z - Time taken for 'total for creating and serializing project graph' 0.2247120000247378ms
[NX Daemon Server] - 2024-06-30T20:00:31.860Z - Done responding to the client project-graph
[NX Daemon Server] - 2024-06-30T20:00:31.860Z - Handled REQUEST_PROJECT_GRAPH. Handling time: 0. Response time: 2.
[NX Daemon Server] - 2024-06-30T20:00:31.868Z - [REQUEST]: Responding to the client. handleHashTasks
[NX Daemon Server] - 2024-06-30T20:00:31.869Z - Done responding to the client handleHashTasks
[NX Daemon Server] - 2024-06-30T20:00:31.869Z - Handled HASH_TASKS. Handling time: 2. Response time: 1.
[NX Daemon Server] - 2024-06-30T20:00:31.881Z - [REQUEST]: Responding to the client. handleHashTasks
[NX Daemon Server] - 2024-06-30T20:00:31.881Z - Done responding to the client handleHashTasks
[NX Daemon Server] - 2024-06-30T20:00:31.881Z - Handled HASH_TASKS. Handling time: 3. Response time: 0.
[NX Daemon Server] - 2024-06-30T20:00:32.596Z - [REQUEST]: Responding to the client. recordOutputsHash
[NX Daemon Server] - 2024-06-30T20:00:32.596Z - Done responding to the client recordOutputsHash
[NX Daemon Server] - 2024-06-30T20:00:32.596Z - Handled RECORD_OUTPUTS_HASH. Handling time: 0. Response time: 0.
[NX Daemon Server] - 2024-06-30T20:00:32.607Z - Closed a connection. Number of open connections: 0
[NX Daemon Server] - 2024-06-30T20:01:51.701Z - Established a connection. Number of open connections: 1
[NX Daemon Server] - 2024-06-30T20:01:51.703Z - Established a connection. Number of open connections: 2
[NX Daemon Server] - 2024-06-30T20:01:51.703Z - Closed a connection. Number of open connections: 1
[NX Daemon Server] - 2024-06-30T20:01:51.704Z - [REQUEST]: Client Request for Project Graph Received
[NX Daemon Server] - 2024-06-30T20:01:51.704Z - [REQUEST]: Responding to the client. project-graph
[NX Daemon Server] - 2024-06-30T20:01:51.704Z - Time taken for 'total for creating and serializing project graph' 0.2099650000454858ms
[NX Daemon Server] - 2024-06-30T20:01:51.705Z - Done responding to the client project-graph
[NX Daemon Server] - 2024-06-30T20:01:51.705Z - Handled REQUEST_PROJECT_GRAPH. Handling time: 0. Response time: 1.
[NX Daemon Server] - 2024-06-30T20:01:51.719Z - [REQUEST]: Responding to the client. handleHashTasks
[NX Daemon Server] - 2024-06-30T20:01:51.719Z - Done responding to the client handleHashTasks
[NX Daemon Server] - 2024-06-30T20:01:51.719Z - Handled HASH_TASKS. Handling time: 2. Response time: 0.
[NX Daemon Server] - 2024-06-30T20:01:51.729Z - [REQUEST]: Responding to the client. handleHashTasks
[NX Daemon Server] - 2024-06-30T20:01:51.729Z - Done responding to the client handleHashTasks
[NX Daemon Server] - 2024-06-30T20:01:51.729Z - Handled HASH_TASKS. Handling time: 3. Response time: 0.
[NX Daemon Server] - 2024-06-30T20:01:51.736Z - [REQUEST]: Responding to the client. recordOutputsHash
[NX Daemon Server] - 2024-06-30T20:01:51.736Z - Done responding to the client recordOutputsHash
[NX Daemon Server] - 2024-06-30T20:01:51.736Z - Handled RECORD_OUTPUTS_HASH. Handling time: 0. Response time: 0.
[NX Daemon Server] - 2024-06-30T20:01:51.741Z - Closed a connection. Number of open connections: 0
[NX Daemon Server] - 2024-06-30T20:01:52.758Z - Established a connection. Number of open connections: 1
[NX Daemon Server] - 2024-06-30T20:01:52.759Z - Closed a connection. Number of open connections: 0
[NX Daemon Server] - 2024-06-30T20:01:52.759Z - Established a connection. Number of open connections: 1
[NX Daemon Server] - 2024-06-30T20:01:52.760Z - [REQUEST]: Client Request for Project Graph Received
[NX Daemon Server] - 2024-06-30T20:01:52.760Z - [REQUEST]: Responding to the client. project-graph
[NX Daemon Server] - 2024-06-30T20:01:52.761Z - Time taken for 'total for creating and serializing project graph' 0.17664499999955297ms
[NX Daemon Server] - 2024-06-30T20:01:52.761Z - Done responding to the client project-graph
[NX Daemon Server] - 2024-06-30T20:01:52.761Z - Handled REQUEST_PROJECT_GRAPH. Handling time: 0. Response time: 1.
[NX Daemon Server] - 2024-06-30T20:01:52.770Z - [REQUEST]: Responding to the client. handleHashTasks
[NX Daemon Server] - 2024-06-30T20:01:52.770Z - Done responding to the client handleHashTasks
[NX Daemon Server] - 2024-06-30T20:01:52.770Z - Handled HASH_TASKS. Handling time: 2. Response time: 0.
[NX Daemon Server] - 2024-06-30T20:01:52.780Z - [REQUEST]: Responding to the client. handleHashTasks
[NX Daemon Server] - 2024-06-30T20:01:52.780Z - Done responding to the client handleHashTasks
[NX Daemon Server] - 2024-06-30T20:01:52.780Z - Handled HASH_TASKS. Handling time: 3. Response time: 0.
[NX Daemon Server] - 2024-06-30T20:01:52.786Z - [REQUEST]: Responding to the client. recordOutputsHash
[NX Daemon Server] - 2024-06-30T20:01:52.787Z - Done responding to the client recordOutputsHash
[NX Daemon Server] - 2024-06-30T20:01:52.787Z - Handled RECORD_OUTPUTS_HASH. Handling time: 0. Response time: 1.
[NX Daemon Server] - 2024-06-30T20:01:52.791Z - Closed a connection. Number of open connections: 0
[NX Daemon Server] - 2024-06-30T20:03:30.917Z - [WATCHER]: .gitignore was modified
[NX Daemon Server] - 2024-06-30T20:03:30.917Z - [WATCHER]: Processing file changes in outputs
[NX Daemon Server] - 2024-06-30T20:03:30.917Z - [WATCHER]: Stopping the watcher for /home/tilloh/programming/tilloh.dev/frontend (sources)
[NX Daemon Server] - 2024-06-30T20:03:30.918Z - [WATCHER]: Stopping the watcher for /home/tilloh/programming/tilloh.dev/frontend (outputs)
[NX Daemon Server] - 2024-06-30T20:03:30.918Z - Server stopped because: "Stopping the daemon the set of ignored files changed (native)"
[NX Daemon Server] - 2024-06-30T20:03:48.571Z - Started listening on: /tmp/ac8943fb82a6c01756f1/d.sock
[NX Daemon Server] - 2024-06-30T20:03:48.573Z - [WATCHER]: Subscribed to changes within: /home/tilloh/programming/tilloh.dev/frontend (native)
[NX Daemon Server] - 2024-06-30T20:03:48.575Z - Established a connection. Number of open connections: 1
[NX Daemon Server] - 2024-06-30T20:03:48.575Z - Established a connection. Number of open connections: 2
[NX Daemon Server] - 2024-06-30T20:03:48.576Z - Closed a connection. Number of open connections: 1
[NX Daemon Server] - 2024-06-30T20:03:48.577Z - [REQUEST]: Client Request for Project Graph Received
[NX Daemon Server] - 2024-06-30T20:03:48.587Z - [REQUEST]: Updated workspace context based on watched changes, recomputing project graph...
[NX Daemon Server] - 2024-06-30T20:03:48.587Z - [REQUEST]: 
[NX Daemon Server] - 2024-06-30T20:03:48.588Z - [REQUEST]: 
[NX Daemon Server] - 2024-06-30T20:03:48.760Z - [REQUEST]: Responding to the client. project-graph
[NX Daemon Server] - 2024-06-30T20:03:48.760Z - Time taken for 'total for creating and serializing project graph' 183.04652499999997ms
[NX Daemon Server] - 2024-06-30T20:03:48.761Z - Done responding to the client project-graph
[NX Daemon Server] - 2024-06-30T20:03:48.761Z - Handled REQUEST_PROJECT_GRAPH. Handling time: 183. Response time: 1.
[NX Daemon Server] - 2024-06-30T20:03:48.773Z - [REQUEST]: Responding to the client. handleHashTasks
[NX Daemon Server] - 2024-06-30T20:03:48.773Z - Done responding to the client handleHashTasks
[NX Daemon Server] - 2024-06-30T20:03:48.773Z - Handled HASH_TASKS. Handling time: 5. Response time: 0.
[NX Daemon Server] - 2024-06-30T20:03:48.784Z - [REQUEST]: Responding to the client. handleHashTasks
[NX Daemon Server] - 2024-06-30T20:03:48.784Z - Done responding to the client handleHashTasks
[NX Daemon Server] - 2024-06-30T20:03:48.784Z - Handled HASH_TASKS. Handling time: 3. Response time: 0.
[NX Daemon Server] - 2024-06-30T20:03:49.657Z - [REQUEST]: Responding to the client. recordOutputsHash
[NX Daemon Server] - 2024-06-30T20:03:49.657Z - Done responding to the client recordOutputsHash
[NX Daemon Server] - 2024-06-30T20:03:49.657Z - Handled RECORD_OUTPUTS_HASH. Handling time: 0. Response time: 0.
[NX Daemon Server] - 2024-06-30T20:03:49.666Z - Closed a connection. Number of open connections: 0
[NX Daemon Server] - 2024-06-30T20:03:52.170Z - Established a connection. Number of open connections: 1
[NX Daemon Server] - 2024-06-30T20:03:52.175Z - Closed a connection. Number of open connections: 0
[NX Daemon Server] - 2024-06-30T20:03:52.175Z - Established a connection. Number of open connections: 1
[NX Daemon Server] - 2024-06-30T20:03:52.176Z - [REQUEST]: Client Request for Project Graph Received
[NX Daemon Server] - 2024-06-30T20:03:52.176Z - [REQUEST]: Responding to the client. project-graph
[NX Daemon Server] - 2024-06-30T20:03:52.176Z - Time taken for 'total for creating and serializing project graph' 0.1904170000002523ms
[NX Daemon Server] - 2024-06-30T20:03:52.177Z - Done responding to the client project-graph
[NX Daemon Server] - 2024-06-30T20:03:52.177Z - Handled REQUEST_PROJECT_GRAPH. Handling time: 0. Response time: 1.
[NX Daemon Server] - 2024-06-30T20:03:52.186Z - [REQUEST]: Responding to the client. handleHashTasks
[NX Daemon Server] - 2024-06-30T20:03:52.186Z - Done responding to the client handleHashTasks
[NX Daemon Server] - 2024-06-30T20:03:52.186Z - Handled HASH_TASKS. Handling time: 2. Response time: 0.
[NX Daemon Server] - 2024-06-30T20:03:52.197Z - [REQUEST]: Responding to the client. handleHashTasks
[NX Daemon Server] - 2024-06-30T20:03:52.197Z - Done responding to the client handleHashTasks
[NX Daemon Server] - 2024-06-30T20:03:52.197Z - Handled HASH_TASKS. Handling time: 3. Response time: 0.
[NX Daemon Server] - 2024-06-30T20:03:52.204Z - [REQUEST]: Responding to the client. recordOutputsHash
[NX Daemon Server] - 2024-06-30T20:03:52.204Z - Done responding to the client recordOutputsHash
[NX Daemon Server] - 2024-06-30T20:03:52.204Z - Handled RECORD_OUTPUTS_HASH. Handling time: 0. Response time: 0.
[NX Daemon Server] - 2024-06-30T20:03:52.209Z - Closed a connection. Number of open connections: 0
[NX Daemon Server] - 2024-06-30T20:04:28.139Z - [WATCHER]: .gitignore was modified
[NX Daemon Server] - 2024-06-30T20:04:28.140Z - [WATCHER]: Processing file changes in outputs
[NX Daemon Server] - 2024-06-30T20:04:28.140Z - [WATCHER]: Stopping the watcher for /home/tilloh/programming/tilloh.dev/frontend (sources)
[NX Daemon Server] - 2024-06-30T20:04:28.140Z - [WATCHER]: Stopping the watcher for /home/tilloh/programming/tilloh.dev/frontend (outputs)
[NX Daemon Server] - 2024-06-30T20:04:28.140Z - Server stopped because: "Stopping the daemon the set of ignored files changed (native)"
