[NX Daemon Server] - 2024-06-30T19:50:44.710Z - Started listening on: /tmp/44543bb5a2ab2cb3bc57/d.sock
[NX Daemon Server] - 2024-06-30T19:50:44.711Z - [WATCHER]: Subscribed to changes within: /home/tilloh/programming/tilloh.dev/backend (native)
[NX Daemon Server] - 2024-06-30T19:50:44.717Z - Established a connection. Number of open connections: 1
[NX Daemon Server] - 2024-06-30T19:50:44.718Z - Established a connection. Number of open connections: 2
[NX Daemon Server] - 2024-06-30T19:50:44.719Z - Closed a connection. Number of open connections: 1
[NX Daemon Server] - 2024-06-30T19:50:44.723Z - [REQUEST]: Responding to the client. handleGlob
[NX Daemon Server] - 2024-06-30T19:50:44.724Z - Done responding to the client handleGlob
[NX Daemon Server] - 2024-06-30T19:50:44.724Z - Handled GLOB. Handling time: 4. Response time: 1.
[NX Daemon Server] - 2024-06-30T19:50:44.746Z - [REQUEST]: Responding to the client. handleNxWorkspaceFiles
[NX Daemon Server] - 2024-06-30T19:50:44.747Z - Done responding to the client handleNxWorkspaceFiles
[NX Daemon Server] - 2024-06-30T19:50:44.747Z - Handled GET_NX_WORKSPACE_FILES. Handling time: 3. Response time: 1.
[NX Daemon Server] - 2024-06-30T19:50:44.984Z - Closed a connection. Number of open connections: 0
[NX Daemon Server] - 2024-06-30T19:50:49.747Z - [WATCHER]: Processing file changes in outputs
[NX Daemon Server] - 2024-06-30T19:56:27.098Z - Started listening on: /tmp/44543bb5a2ab2cb3bc57/d.sock
[NX Daemon Server] - 2024-06-30T19:56:27.100Z - [WATCHER]: Subscribed to changes within: /home/tilloh/programming/tilloh.dev/backend (native)
[NX Daemon Server] - 2024-06-30T19:56:27.109Z - Established a connection. Number of open connections: 1
[NX Daemon Server] - 2024-06-30T19:56:27.110Z - Established a connection. Number of open connections: 2
[NX Daemon Server] - 2024-06-30T19:56:27.110Z - Closed a connection. Number of open connections: 1
[NX Daemon Server] - 2024-06-30T19:56:27.111Z - [REQUEST]: Client Request for Project Graph Received
[NX Daemon Server] - 2024-06-30T19:56:27.120Z - [REQUEST]: Updated workspace context based on watched changes, recomputing project graph...
[NX Daemon Server] - 2024-06-30T19:56:27.120Z - [REQUEST]: 
[NX Daemon Server] - 2024-06-30T19:56:27.120Z - [REQUEST]: 
[NX Daemon Server] - 2024-06-30T19:56:27.182Z - [REQUEST]: Responding to the client. project-graph
[NX Daemon Server] - 2024-06-30T19:56:27.182Z - Time taken for 'total for creating and serializing project graph' 70.55318600000001ms
[NX Daemon Server] - 2024-06-30T19:56:27.184Z - Done responding to the client project-graph
[NX Daemon Server] - 2024-06-30T19:56:27.185Z - Handled REQUEST_PROJECT_GRAPH. Handling time: 70. Response time: 4.
[NX Daemon Server] - 2024-06-30T19:56:27.201Z - [REQUEST]: Responding to the client. handleHashTasks
[NX Daemon Server] - 2024-06-30T19:56:27.201Z - Done responding to the client handleHashTasks
[NX Daemon Server] - 2024-06-30T19:56:27.201Z - Handled HASH_TASKS. Handling time: 11. Response time: 0.
[NX Daemon Server] - 2024-06-30T19:56:29.975Z - [WATCHER]: Processing file changes in outputs
[NX Daemon Server] - 2024-06-30T19:57:13.510Z - [REQUEST]: Responding to the client. recordOutputsHash
[NX Daemon Server] - 2024-06-30T19:57:13.510Z - Done responding to the client recordOutputsHash
[NX Daemon Server] - 2024-06-30T19:57:13.510Z - Handled RECORD_OUTPUTS_HASH. Handling time: 0. Response time: 0.
[NX Daemon Server] - 2024-06-30T19:57:13.518Z - Closed a connection. Number of open connections: 0
[NX Daemon Server] - 2024-06-30T19:57:22.684Z - Established a connection. Number of open connections: 1
[NX Daemon Server] - 2024-06-30T19:57:22.684Z - Closed a connection. Number of open connections: 0
[NX Daemon Server] - 2024-06-30T19:57:22.685Z - Established a connection. Number of open connections: 1
[NX Daemon Server] - 2024-06-30T19:57:22.686Z - [REQUEST]: Client Request for Project Graph Received
[NX Daemon Server] - 2024-06-30T19:57:22.686Z - [REQUEST]: Responding to the client. project-graph
[NX Daemon Server] - 2024-06-30T19:57:22.686Z - Time taken for 'total for creating and serializing project graph' 0.2065500000026077ms
[NX Daemon Server] - 2024-06-30T19:57:22.687Z - Done responding to the client project-graph
[NX Daemon Server] - 2024-06-30T19:57:22.687Z - Handled REQUEST_PROJECT_GRAPH. Handling time: 0. Response time: 1.
[NX Daemon Server] - 2024-06-30T19:57:22.697Z - [REQUEST]: Responding to the client. handleHashTasks
[NX Daemon Server] - 2024-06-30T19:57:22.698Z - Done responding to the client handleHashTasks
[NX Daemon Server] - 2024-06-30T19:57:22.698Z - Handled HASH_TASKS. Handling time: 4. Response time: 1.
[NX Daemon Server] - 2024-06-30T19:57:23.151Z - [WATCHER]: Processing file changes in outputs
[NX Daemon Server] - 2024-06-30T19:57:25.589Z - [WATCHER]: Processing file changes in outputs
[NX Daemon Server] - 2024-06-30T19:58:25.198Z - Closed a connection. Number of open connections: 0
[NX Daemon Server] - 2024-06-30T20:00:13.652Z - Established a connection. Number of open connections: 1
[NX Daemon Server] - 2024-06-30T20:00:13.653Z - Closed a connection. Number of open connections: 0
[NX Daemon Server] - 2024-06-30T20:00:13.653Z - Established a connection. Number of open connections: 1
[NX Daemon Server] - 2024-06-30T20:00:13.654Z - [REQUEST]: Client Request for Project Graph Received
[NX Daemon Server] - 2024-06-30T20:00:13.654Z - [REQUEST]: Responding to the client. project-graph
[NX Daemon Server] - 2024-06-30T20:00:13.655Z - Time taken for 'total for creating and serializing project graph' 0.2604540000029374ms
[NX Daemon Server] - 2024-06-30T20:00:13.656Z - Done responding to the client project-graph
[NX Daemon Server] - 2024-06-30T20:00:13.656Z - Handled REQUEST_PROJECT_GRAPH. Handling time: 0. Response time: 2.
[NX Daemon Server] - 2024-06-30T20:00:13.668Z - [REQUEST]: Responding to the client. handleHashTasks
[NX Daemon Server] - 2024-06-30T20:00:13.669Z - Done responding to the client handleHashTasks
[NX Daemon Server] - 2024-06-30T20:00:13.669Z - Handled HASH_TASKS. Handling time: 6. Response time: 1.
[NX Daemon Server] - 2024-06-30T20:00:14.075Z - [WATCHER]: Processing file changes in outputs
[NX Daemon Server] - 2024-06-30T20:00:16.468Z - [WATCHER]: Processing file changes in outputs
[NX Daemon Server] - 2024-06-30T20:00:30.231Z - Closed a connection. Number of open connections: 0
[NX Daemon Server] - 2024-06-30T20:00:32.749Z - Established a connection. Number of open connections: 1
[NX Daemon Server] - 2024-06-30T20:00:32.750Z - Closed a connection. Number of open connections: 0
[NX Daemon Server] - 2024-06-30T20:00:32.750Z - Established a connection. Number of open connections: 1
[NX Daemon Server] - 2024-06-30T20:00:32.751Z - [REQUEST]: Client Request for Project Graph Received
[NX Daemon Server] - 2024-06-30T20:00:32.751Z - [REQUEST]: Responding to the client. project-graph
[NX Daemon Server] - 2024-06-30T20:00:32.752Z - Time taken for 'total for creating and serializing project graph' 0.18296899998676963ms
[NX Daemon Server] - 2024-06-30T20:00:32.752Z - Done responding to the client project-graph
[NX Daemon Server] - 2024-06-30T20:00:32.752Z - Handled REQUEST_PROJECT_GRAPH. Handling time: 0. Response time: 1.
[NX Daemon Server] - 2024-06-30T20:00:32.766Z - [REQUEST]: Responding to the client. handleHashTasks
[NX Daemon Server] - 2024-06-30T20:00:32.766Z - Done responding to the client handleHashTasks
[NX Daemon Server] - 2024-06-30T20:00:32.766Z - Handled HASH_TASKS. Handling time: 3. Response time: 0.
[NX Daemon Server] - 2024-06-30T20:00:32.785Z - [REQUEST]: Responding to the client. handleHashTasks
[NX Daemon Server] - 2024-06-30T20:00:32.785Z - Done responding to the client handleHashTasks
[NX Daemon Server] - 2024-06-30T20:00:32.785Z - Handled HASH_TASKS. Handling time: 4. Response time: 0.
[NX Daemon Server] - 2024-06-30T20:00:32.790Z - [REQUEST]: Responding to the client. handleHashTasks
[NX Daemon Server] - 2024-06-30T20:00:32.790Z - Done responding to the client handleHashTasks
[NX Daemon Server] - 2024-06-30T20:00:32.790Z - Handled HASH_TASKS. Handling time: 3. Response time: 0.
[NX Daemon Server] - 2024-06-30T20:00:32.795Z - [REQUEST]: Responding to the client. handleHashTasks
[NX Daemon Server] - 2024-06-30T20:00:32.795Z - Done responding to the client handleHashTasks
[NX Daemon Server] - 2024-06-30T20:00:32.795Z - Handled HASH_TASKS. Handling time: 3. Response time: 0.
[NX Daemon Server] - 2024-06-30T20:00:32.801Z - [REQUEST]: Responding to the client. handleHashTasks
[NX Daemon Server] - 2024-06-30T20:00:32.801Z - Done responding to the client handleHashTasks
[NX Daemon Server] - 2024-06-30T20:00:32.801Z - Handled HASH_TASKS. Handling time: 4. Response time: 0.
[NX Daemon Server] - 2024-06-30T20:00:32.807Z - [REQUEST]: Responding to the client. handleHashTasks
[NX Daemon Server] - 2024-06-30T20:00:32.807Z - Done responding to the client handleHashTasks
[NX Daemon Server] - 2024-06-30T20:00:32.807Z - Handled HASH_TASKS. Handling time: 4. Response time: 0.
[NX Daemon Server] - 2024-06-30T20:00:32.813Z - [REQUEST]: Responding to the client. handleHashTasks
[NX Daemon Server] - 2024-06-30T20:00:32.813Z - Done responding to the client handleHashTasks
[NX Daemon Server] - 2024-06-30T20:00:32.814Z - Handled HASH_TASKS. Handling time: 3. Response time: 1.
[NX Daemon Server] - 2024-06-30T20:00:32.820Z - [REQUEST]: Responding to the client. handleHashTasks
[NX Daemon Server] - 2024-06-30T20:00:32.821Z - Done responding to the client handleHashTasks
[NX Daemon Server] - 2024-06-30T20:00:32.821Z - Handled HASH_TASKS. Handling time: 4. Response time: 1.
[NX Daemon Server] - 2024-06-30T20:00:32.827Z - [REQUEST]: Responding to the client. handleHashTasks
[NX Daemon Server] - 2024-06-30T20:00:32.828Z - Done responding to the client handleHashTasks
[NX Daemon Server] - 2024-06-30T20:00:32.828Z - Handled HASH_TASKS. Handling time: 4. Response time: 1.
[NX Daemon Server] - 2024-06-30T20:00:32.936Z - [REQUEST]: Responding to the client. handleHashTasks
[NX Daemon Server] - 2024-06-30T20:00:32.936Z - Done responding to the client handleHashTasks
[NX Daemon Server] - 2024-06-30T20:00:32.936Z - Handled HASH_TASKS. Handling time: 5. Response time: 0.
[NX Daemon Server] - 2024-06-30T20:00:32.943Z - [REQUEST]: Responding to the client. handleHashTasks
[NX Daemon Server] - 2024-06-30T20:00:32.944Z - Done responding to the client handleHashTasks
[NX Daemon Server] - 2024-06-30T20:00:32.944Z - Handled HASH_TASKS. Handling time: 4. Response time: 1.
[NX Daemon Server] - 2024-06-30T20:00:32.954Z - [REQUEST]: Responding to the client. handleHashTasks
[NX Daemon Server] - 2024-06-30T20:00:32.954Z - Done responding to the client handleHashTasks
[NX Daemon Server] - 2024-06-30T20:00:32.954Z - Handled HASH_TASKS. Handling time: 6. Response time: 0.
[NX Daemon Server] - 2024-06-30T20:00:32.963Z - [REQUEST]: Responding to the client. handleHashTasks
[NX Daemon Server] - 2024-06-30T20:00:32.963Z - Done responding to the client handleHashTasks
[NX Daemon Server] - 2024-06-30T20:00:32.964Z - Handled HASH_TASKS. Handling time: 4. Response time: 1.
[NX Daemon Server] - 2024-06-30T20:00:32.972Z - [REQUEST]: Responding to the client. handleHashTasks
[NX Daemon Server] - 2024-06-30T20:00:32.972Z - Done responding to the client handleHashTasks
[NX Daemon Server] - 2024-06-30T20:00:32.972Z - Handled HASH_TASKS. Handling time: 4. Response time: 0.
[NX Daemon Server] - 2024-06-30T20:00:32.981Z - [REQUEST]: Responding to the client. handleHashTasks
[NX Daemon Server] - 2024-06-30T20:00:32.981Z - Done responding to the client handleHashTasks
[NX Daemon Server] - 2024-06-30T20:00:32.981Z - Handled HASH_TASKS. Handling time: 4. Response time: 0.
[NX Daemon Server] - 2024-06-30T20:00:32.992Z - [REQUEST]: Responding to the client. handleHashTasks
[NX Daemon Server] - 2024-06-30T20:00:32.992Z - Done responding to the client handleHashTasks
[NX Daemon Server] - 2024-06-30T20:00:32.992Z - Handled HASH_TASKS. Handling time: 7. Response time: 0.
[NX Daemon Server] - 2024-06-30T20:00:33.000Z - [REQUEST]: Responding to the client. handleHashTasks
[NX Daemon Server] - 2024-06-30T20:00:33.001Z - Done responding to the client handleHashTasks
[NX Daemon Server] - 2024-06-30T20:00:33.001Z - Handled HASH_TASKS. Handling time: 4. Response time: 1.
[NX Daemon Server] - 2024-06-30T20:00:33.010Z - [REQUEST]: Responding to the client. handleHashTasks
[NX Daemon Server] - 2024-06-30T20:00:33.010Z - Done responding to the client handleHashTasks
[NX Daemon Server] - 2024-06-30T20:00:33.010Z - Handled HASH_TASKS. Handling time: 4. Response time: 0.
[NX Daemon Server] - 2024-06-30T20:00:33.021Z - [REQUEST]: Responding to the client. handleHashTasks
[NX Daemon Server] - 2024-06-30T20:00:33.021Z - Done responding to the client handleHashTasks
[NX Daemon Server] - 2024-06-30T20:00:33.021Z - Handled HASH_TASKS. Handling time: 6. Response time: 0.
[NX Daemon Server] - 2024-06-30T20:00:33.033Z - [REQUEST]: Responding to the client. handleHashTasks
[NX Daemon Server] - 2024-06-30T20:00:33.033Z - Done responding to the client handleHashTasks
[NX Daemon Server] - 2024-06-30T20:00:33.033Z - Handled HASH_TASKS. Handling time: 6. Response time: 0.
[NX Daemon Server] - 2024-06-30T20:00:33.041Z - [REQUEST]: Responding to the client. handleHashTasks
[NX Daemon Server] - 2024-06-30T20:00:33.041Z - Done responding to the client handleHashTasks
[NX Daemon Server] - 2024-06-30T20:00:33.041Z - Handled HASH_TASKS. Handling time: 4. Response time: 0.
[NX Daemon Server] - 2024-06-30T20:00:33.051Z - [REQUEST]: Responding to the client. handleHashTasks
[NX Daemon Server] - 2024-06-30T20:00:33.051Z - Done responding to the client handleHashTasks
[NX Daemon Server] - 2024-06-30T20:00:33.051Z - Handled HASH_TASKS. Handling time: 4. Response time: 0.
[NX Daemon Server] - 2024-06-30T20:00:33.060Z - [REQUEST]: Responding to the client. handleHashTasks
[NX Daemon Server] - 2024-06-30T20:00:33.061Z - Done responding to the client handleHashTasks
[NX Daemon Server] - 2024-06-30T20:00:33.061Z - Handled HASH_TASKS. Handling time: 4. Response time: 1.
[NX Daemon Server] - 2024-06-30T20:00:33.071Z - [REQUEST]: Responding to the client. handleHashTasks
[NX Daemon Server] - 2024-06-30T20:00:33.072Z - Done responding to the client handleHashTasks
[NX Daemon Server] - 2024-06-30T20:00:33.072Z - Handled HASH_TASKS. Handling time: 5. Response time: 1.
[NX Daemon Server] - 2024-06-30T20:00:33.081Z - [REQUEST]: Responding to the client. handleHashTasks
[NX Daemon Server] - 2024-06-30T20:00:33.081Z - Done responding to the client handleHashTasks
[NX Daemon Server] - 2024-06-30T20:00:33.082Z - Handled HASH_TASKS. Handling time: 4. Response time: 1.
[NX Daemon Server] - 2024-06-30T20:00:33.090Z - [REQUEST]: Responding to the client. handleHashTasks
[NX Daemon Server] - 2024-06-30T20:00:33.091Z - Done responding to the client handleHashTasks
[NX Daemon Server] - 2024-06-30T20:00:33.091Z - Handled HASH_TASKS. Handling time: 4. Response time: 1.
[NX Daemon Server] - 2024-06-30T20:00:33.598Z - [REQUEST]: Responding to the client. recordOutputsHash
[NX Daemon Server] - 2024-06-30T20:00:33.598Z - Done responding to the client recordOutputsHash
[NX Daemon Server] - 2024-06-30T20:00:33.598Z - Handled RECORD_OUTPUTS_HASH. Handling time: 0. Response time: 0.
[NX Daemon Server] - 2024-06-30T20:00:33.599Z - [REQUEST]: Responding to the client. recordOutputsHash
[NX Daemon Server] - 2024-06-30T20:00:33.599Z - Done responding to the client recordOutputsHash
[NX Daemon Server] - 2024-06-30T20:00:33.599Z - Handled RECORD_OUTPUTS_HASH. Handling time: 0. Response time: 0.
[NX Daemon Server] - 2024-06-30T20:00:33.606Z - [REQUEST]: Responding to the client. recordOutputsHash
[NX Daemon Server] - 2024-06-30T20:00:33.606Z - Done responding to the client recordOutputsHash
[NX Daemon Server] - 2024-06-30T20:00:33.606Z - Handled RECORD_OUTPUTS_HASH. Handling time: 1. Response time: 0.
[NX Daemon Server] - 2024-06-30T20:00:33.608Z - [REQUEST]: Responding to the client. recordOutputsHash
[NX Daemon Server] - 2024-06-30T20:00:33.608Z - Done responding to the client recordOutputsHash
[NX Daemon Server] - 2024-06-30T20:00:33.609Z - Handled RECORD_OUTPUTS_HASH. Handling time: 0. Response time: 1.
[NX Daemon Server] - 2024-06-30T20:00:33.609Z - [REQUEST]: Responding to the client. recordOutputsHash
[NX Daemon Server] - 2024-06-30T20:00:33.609Z - Done responding to the client recordOutputsHash
[NX Daemon Server] - 2024-06-30T20:00:33.610Z - Handled RECORD_OUTPUTS_HASH. Handling time: 0. Response time: 1.
[NX Daemon Server] - 2024-06-30T20:00:33.618Z - [REQUEST]: Responding to the client. recordOutputsHash
[NX Daemon Server] - 2024-06-30T20:00:33.618Z - Done responding to the client recordOutputsHash
[NX Daemon Server] - 2024-06-30T20:00:33.618Z - Handled RECORD_OUTPUTS_HASH. Handling time: 0. Response time: 0.
[NX Daemon Server] - 2024-06-30T20:00:33.619Z - [REQUEST]: Responding to the client. recordOutputsHash
[NX Daemon Server] - 2024-06-30T20:00:33.619Z - Done responding to the client recordOutputsHash
[NX Daemon Server] - 2024-06-30T20:00:33.619Z - Handled RECORD_OUTPUTS_HASH. Handling time: 0. Response time: 0.
[NX Daemon Server] - 2024-06-30T20:00:33.619Z - [REQUEST]: Responding to the client. recordOutputsHash
[NX Daemon Server] - 2024-06-30T20:00:33.620Z - Done responding to the client recordOutputsHash
[NX Daemon Server] - 2024-06-30T20:00:33.620Z - Handled RECORD_OUTPUTS_HASH. Handling time: 0. Response time: 1.
[NX Daemon Server] - 2024-06-30T20:00:33.626Z - [REQUEST]: Responding to the client. recordOutputsHash
[NX Daemon Server] - 2024-06-30T20:00:33.626Z - Done responding to the client recordOutputsHash
[NX Daemon Server] - 2024-06-30T20:00:33.626Z - Handled RECORD_OUTPUTS_HASH. Handling time: 0. Response time: 0.
[NX Daemon Server] - 2024-06-30T20:00:33.635Z - [REQUEST]: Responding to the client. recordOutputsHash
[NX Daemon Server] - 2024-06-30T20:00:33.635Z - Done responding to the client recordOutputsHash
[NX Daemon Server] - 2024-06-30T20:00:33.635Z - Handled RECORD_OUTPUTS_HASH. Handling time: 0. Response time: 0.
[NX Daemon Server] - 2024-06-30T20:00:34.267Z - [REQUEST]: Responding to the client. recordOutputsHash
[NX Daemon Server] - 2024-06-30T20:00:34.267Z - Done responding to the client recordOutputsHash
[NX Daemon Server] - 2024-06-30T20:00:34.267Z - Handled RECORD_OUTPUTS_HASH. Handling time: 0. Response time: 0.
[NX Daemon Server] - 2024-06-30T20:00:34.285Z - [REQUEST]: Responding to the client. recordOutputsHash
[NX Daemon Server] - 2024-06-30T20:00:34.285Z - Done responding to the client recordOutputsHash
[NX Daemon Server] - 2024-06-30T20:00:34.286Z - Handled RECORD_OUTPUTS_HASH. Handling time: 0. Response time: 1.
[NX Daemon Server] - 2024-06-30T20:00:34.291Z - [REQUEST]: Responding to the client. recordOutputsHash
[NX Daemon Server] - 2024-06-30T20:00:34.292Z - Done responding to the client recordOutputsHash
[NX Daemon Server] - 2024-06-30T20:00:34.292Z - Handled RECORD_OUTPUTS_HASH. Handling time: 0. Response time: 1.
[NX Daemon Server] - 2024-06-30T20:00:34.295Z - [REQUEST]: Responding to the client. recordOutputsHash
[NX Daemon Server] - 2024-06-30T20:00:34.295Z - Done responding to the client recordOutputsHash
[NX Daemon Server] - 2024-06-30T20:00:34.295Z - Handled RECORD_OUTPUTS_HASH. Handling time: 0. Response time: 0.
[NX Daemon Server] - 2024-06-30T20:00:34.308Z - [REQUEST]: Responding to the client. recordOutputsHash
[NX Daemon Server] - 2024-06-30T20:00:34.308Z - Done responding to the client recordOutputsHash
[NX Daemon Server] - 2024-06-30T20:00:34.308Z - Handled RECORD_OUTPUTS_HASH. Handling time: 0. Response time: 0.
[NX Daemon Server] - 2024-06-30T20:00:34.310Z - [REQUEST]: Responding to the client. recordOutputsHash
[NX Daemon Server] - 2024-06-30T20:00:34.311Z - Done responding to the client recordOutputsHash
[NX Daemon Server] - 2024-06-30T20:00:34.311Z - Handled RECORD_OUTPUTS_HASH. Handling time: 0. Response time: 1.
[NX Daemon Server] - 2024-06-30T20:00:34.324Z - [REQUEST]: Responding to the client. recordOutputsHash
[NX Daemon Server] - 2024-06-30T20:00:34.324Z - Done responding to the client recordOutputsHash
[NX Daemon Server] - 2024-06-30T20:00:34.324Z - Handled RECORD_OUTPUTS_HASH. Handling time: 0. Response time: 0.
[NX Daemon Server] - 2024-06-30T20:00:34.326Z - [REQUEST]: Responding to the client. recordOutputsHash
[NX Daemon Server] - 2024-06-30T20:00:34.327Z - Done responding to the client recordOutputsHash
[NX Daemon Server] - 2024-06-30T20:00:34.327Z - Handled RECORD_OUTPUTS_HASH. Handling time: 0. Response time: 1.
[NX Daemon Server] - 2024-06-30T20:00:34.327Z - [REQUEST]: Responding to the client. recordOutputsHash
[NX Daemon Server] - 2024-06-30T20:00:34.327Z - Done responding to the client recordOutputsHash
[NX Daemon Server] - 2024-06-30T20:00:34.327Z - Handled RECORD_OUTPUTS_HASH. Handling time: 0. Response time: 0.
[NX Daemon Server] - 2024-06-30T20:00:34.329Z - [REQUEST]: Responding to the client. recordOutputsHash
[NX Daemon Server] - 2024-06-30T20:00:34.330Z - Done responding to the client recordOutputsHash
[NX Daemon Server] - 2024-06-30T20:00:34.330Z - Handled RECORD_OUTPUTS_HASH. Handling time: 0. Response time: 1.
[NX Daemon Server] - 2024-06-30T20:00:34.841Z - [REQUEST]: Responding to the client. recordOutputsHash
[NX Daemon Server] - 2024-06-30T20:00:34.841Z - Done responding to the client recordOutputsHash
[NX Daemon Server] - 2024-06-30T20:00:34.841Z - Handled RECORD_OUTPUTS_HASH. Handling time: 0. Response time: 0.
[NX Daemon Server] - 2024-06-30T20:00:34.843Z - [REQUEST]: Responding to the client. recordOutputsHash
[NX Daemon Server] - 2024-06-30T20:00:34.843Z - Done responding to the client recordOutputsHash
[NX Daemon Server] - 2024-06-30T20:00:34.843Z - Handled RECORD_OUTPUTS_HASH. Handling time: 1. Response time: 0.
[NX Daemon Server] - 2024-06-30T20:00:34.849Z - [REQUEST]: Responding to the client. recordOutputsHash
[NX Daemon Server] - 2024-06-30T20:00:34.849Z - Done responding to the client recordOutputsHash
[NX Daemon Server] - 2024-06-30T20:00:34.849Z - Handled RECORD_OUTPUTS_HASH. Handling time: 0. Response time: 0.
[NX Daemon Server] - 2024-06-30T20:00:34.864Z - [REQUEST]: Responding to the client. recordOutputsHash
[NX Daemon Server] - 2024-06-30T20:00:34.864Z - Done responding to the client recordOutputsHash
[NX Daemon Server] - 2024-06-30T20:00:34.865Z - Handled RECORD_OUTPUTS_HASH. Handling time: 0. Response time: 1.
[NX Daemon Server] - 2024-06-30T20:00:34.913Z - [REQUEST]: Responding to the client. recordOutputsHash
[NX Daemon Server] - 2024-06-30T20:00:34.913Z - Done responding to the client recordOutputsHash
[NX Daemon Server] - 2024-06-30T20:00:34.913Z - Handled RECORD_OUTPUTS_HASH. Handling time: 0. Response time: 0.
[NX Daemon Server] - 2024-06-30T20:00:34.920Z - Closed a connection. Number of open connections: 0
[NX Daemon Server] - 2024-06-30T20:01:43.841Z - [WATCHER]: libs/chat/chat-persistence/src/lib/schema/chat.schema.ts was modified
[NX Daemon Server] - 2024-06-30T20:01:43.841Z - [WATCHER]: Processing file changes in outputs
[NX Daemon Server] - 2024-06-30T20:01:43.942Z - [REQUEST]: Updated workspace context based on watched changes, recomputing project graph...
[NX Daemon Server] - 2024-06-30T20:01:43.942Z - [REQUEST]: libs/chat/chat-persistence/src/lib/schema/chat.schema.ts
[NX Daemon Server] - 2024-06-30T20:01:43.942Z - [REQUEST]: 
[NX Daemon Server] - 2024-06-30T20:01:44.050Z - Time taken for 'hash changed files from watcher' 0.16222900000866503ms
